<?xml version="1.0" encoding="UTF-8"?><testsuite name="nosetests" tests="16" errors="2" failures="0" skip="0"><testcase classname="nose.failure.Failure" name="runTest" time="0.001"><error type="builtins.SyntaxError" message="Missing parentheses in call to 'print' (applysshkeepalive.py, line 12)"><![CDATA[Traceback (most recent call last):
  File "c:\python35\lib\unittest\case.py", line 58, in testPartExecutor
    yield
  File "c:\python35\lib\unittest\case.py", line 600, in run
    testMethod()
  File "c:\python35\lib\site-packages\nose\failure.py", line 39, in runTest
    raise self.exc_val.with_traceback(self.tb)
  File "c:\python35\lib\site-packages\nose\loader.py", line 418, in loadTestsFromName
    addr.filename, addr.module)
  File "c:\python35\lib\site-packages\nose\importer.py", line 47, in importFromPath
    return self.importFromDir(dir_path, fqname)
  File "c:\python35\lib\site-packages\nose\importer.py", line 94, in importFromDir
    mod = load_module(part_fqname, fh, filename, desc)
  File "c:\python35\lib\imp.py", line 234, in load_module
    return load_source(name, filename, file)
  File "c:\python35\lib\imp.py", line 172, in load_source
    module = _load(spec)
  File "<frozen importlib._bootstrap>", line 693, in _load
  File "<frozen importlib._bootstrap>", line 673, in _load_unlocked
  File "<frozen importlib._bootstrap_external>", line 661, in exec_module
  File "<frozen importlib._bootstrap_external>", line 767, in get_code
  File "<frozen importlib._bootstrap_external>", line 727, in source_to_code
  File "<frozen importlib._bootstrap>", line 222, in _call_with_frames_removed
  File "c:\Users\indra\Documents\mypython\ostools\applysshkeepalive.py", line 12
    print "\n\nFinding Server Info from Master Sheet\n\n "
                                                         ^
SyntaxError: Missing parentheses in call to 'print'
]]></error></testcase><testcase classname="nose.failure.Failure" name="runTest" time="0.000"><error type="builtins.SyntaxError" message="Missing parentheses in call to 'print' (configsys6.py, line 26)"><![CDATA[Traceback (most recent call last):
  File "c:\python35\lib\unittest\case.py", line 58, in testPartExecutor
    yield
  File "c:\python35\lib\unittest\case.py", line 600, in run
    testMethod()
  File "c:\python35\lib\site-packages\nose\failure.py", line 39, in runTest
    raise self.exc_val.with_traceback(self.tb)
  File "c:\python35\lib\site-packages\nose\loader.py", line 418, in loadTestsFromName
    addr.filename, addr.module)
  File "c:\python35\lib\site-packages\nose\importer.py", line 47, in importFromPath
    return self.importFromDir(dir_path, fqname)
  File "c:\python35\lib\site-packages\nose\importer.py", line 94, in importFromDir
    mod = load_module(part_fqname, fh, filename, desc)
  File "c:\python35\lib\imp.py", line 234, in load_module
    return load_source(name, filename, file)
  File "c:\python35\lib\imp.py", line 172, in load_source
    module = _load(spec)
  File "<frozen importlib._bootstrap>", line 693, in _load
  File "<frozen importlib._bootstrap>", line 673, in _load_unlocked
  File "<frozen importlib._bootstrap_external>", line 661, in exec_module
  File "<frozen importlib._bootstrap_external>", line 767, in get_code
  File "<frozen importlib._bootstrap_external>", line 727, in source_to_code
  File "<frozen importlib._bootstrap>", line 222, in _call_with_frames_removed
  File "c:\Users\indra\Documents\mypython\ostools\configsys6.py", line 26
    print "try to connect"
                         ^
SyntaxError: Missing parentheses in call to 'print'
]]></error></testcase><testcase classname="test.SimpleTest" name="testadd1" time="0.000"></testcase><testcase classname="test.TestStringMethods" name="test_isupper" time="0.000"></testcase><testcase classname="test.TestStringMethods" name="test_split" time="0.001"></testcase><testcase classname="test.TestStringMethods" name="test_upper" time="0.000"></testcase><testcase classname="testmod.SimpleTest" name="testadd1" time="0.001"></testcase><testcase classname="testmod.TestStringMethods" name="test_isupper" time="0.000"></testcase><testcase classname="testmod.TestStringMethods" name="test_split" time="0.000"></testcase><testcase classname="testmod.TestStringMethods" name="test_upper" time="0.000"></testcase><testcase classname="testmod.simpleTest2" name="testadd" time="0.000"><system-out><![CDATA[
end of test Adding
]]></system-out></testcase><testcase classname="testmod.simpleTest2" name="testsub" time="0.000"><system-out><![CDATA[sub 50 60

end of test sub
]]></system-out></testcase><testcase classname="testnose3" name="test_sum" time="0.000"></testcase><testcase classname="testnose3" name="test_sub" time="0.000"></testcase><testcase classname="testnose3" name="test_mul" time="0.000"></testcase><testcase classname="testpy" name="test_answer" time="0.000"></testcase></testsuite>